(py36) asterix:a4 auimendoza$ for i in 0 2; do ./pi.py $i; ./vi.py $i; done
* FrozenLake-v0 *
Policy Iteration
Running ...
== best policy ==
goals = 729
gamma = 0.9
differing policies = 0
iterations = 5
elapsed time = 0.003
mean timesteps to goal = 35.455
=================
(0, 3, 0, 3, 0, 0, 2, 0, 3, 1, 0, 0, 0, 2, 1, 0)
* FrozenLake-v0 *
Value Iteration
Running ...
== best policy ==
goals = 743
gamma = 0.9
epsilon = 1e-10
iterations = 162
elapsed time = 0.011
mean timesteps to goal = 37.398
=================
(0, 3, 0, 3, 0, 0, 0, 0, 3, 1, 0, 0, 0, 2, 1, 0)
* FrozenLake16x16-custom *
Policy Iteration
Running ...
== best policy ==
goals = 744
gamma = 0.9
differing policies = 1
iterations = 10000
elapsed time = 31.401
mean timesteps to goal = 152.974
=================
(3, 2, 2, 2, 2, 2, 2, 2, 2, 2, 3, 3, 2, 0, 1, 2, 3, 3, 3, 3, 2, 2, 2, 2, 2, 0, 0, 0, 2, 1, 3, 1, 3, 3, 0, 0, 2, 3, 2, 2, 3, 2, 1, 1, 1, 0, 0, 2, 0, 3, 3, 1, 0, 0, 2, 0, 0, 2, 2, 3, 2, 0, 0, 2, 0, 3, 0, 0, 2, 1, 3, 2, 1, 2, 0, 0, 2, 1, 1, 1, 0, 0, 0, 1, 3, 0, 0, 2, 2, 2, 3, 1, 2, 1, 1, 1, 0, 0, 1, 0, 0, 0, 0, 2, 2, 3, 0, 0, 2, 1, 1, 1, 1, 1, 1, 1, 0, 0, 1, 2, 0, 3, 0, 1, 2, 1, 0, 3, 1, 3, 2, 1, 1, 1, 2, 1, 0, 0, 2, 3, 2, 1, 0, 0, 0, 0, 2, 2, 0, 0, 2, 1, 0, 1, 0, 0, 2, 1, 1, 1, 1, 1, 2, 3, 2, 1, 1, 1, 0, 0, 0, 0, 2, 2, 1, 1, 2, 2, 0, 0, 2, 2, 1, 1, 0, 0, 1, 1, 2, 3, 2, 1, 1, 2, 0, 0, 2, 2, 2, 2, 3, 1, 1, 2, 0, 0, 2, 1, 1, 2, 0, 0, 2, 2, 2, 0, 0, 2, 2, 3, 3, 1, 1, 1, 1, 2, 1, 1, 2, 2, 2, 3, 1, 2, 0, 0, 0, 2, 1, 1, 2, 2, 0, 0, 2, 2, 0, 0, 2, 2, 1, 1, 1, 2, 2, 0)
* FrozenLake16x16-custom *
Value Iteration
Running ...
== best policy ==
goals = 731
gamma = 0.9
epsilon = 1e-10
iterations = 187
elapsed time = 0.051
mean timesteps to goal = 154.669
=================
(3, 2, 2, 2, 2, 2, 2, 2, 2, 2, 3, 3, 2, 0, 1, 2, 3, 3, 3, 3, 2, 2, 2, 2, 2, 0, 0, 0, 2, 1, 3, 1, 3, 3, 0, 0, 2, 3, 2, 2, 3, 2, 1, 1, 1, 0, 0, 2, 0, 3, 3, 1, 0, 0, 2, 0, 0, 2, 2, 3, 2, 0, 0, 2, 0, 3, 0, 0, 2, 1, 3, 2, 1, 2, 0, 0, 2, 1, 1, 1, 0, 0, 0, 1, 3, 0, 0, 2, 2, 2, 3, 1, 2, 1, 1, 1, 0, 0, 1, 0, 0, 0, 0, 2, 2, 3, 0, 0, 2, 1, 1, 1, 1, 1, 1, 1, 0, 0, 1, 2, 0, 0, 0, 1, 2, 1, 0, 3, 1, 3, 2, 1, 1, 1, 2, 1, 0, 0, 1, 3, 2, 1, 0, 0, 0, 0, 2, 2, 0, 0, 2, 1, 0, 1, 0, 0, 2, 1, 1, 1, 1, 1, 2, 3, 2, 1, 1, 1, 0, 0, 0, 0, 2, 2, 1, 1, 2, 2, 0, 0, 2, 2, 1, 1, 0, 0, 1, 1, 2, 3, 2, 1, 1, 2, 0, 0, 2, 2, 2, 2, 3, 1, 1, 2, 0, 0, 2, 1, 1, 2, 0, 0, 2, 2, 2, 0, 0, 2, 2, 3, 3, 1, 1, 1, 1, 2, 1, 1, 2, 2, 2, 3, 1, 2, 0, 0, 0, 2, 1, 1, 2, 2, 0, 0, 2, 2, 0, 0, 2, 2, 1, 1, 1, 2, 2, 0)
(py36) asterix:a4 auimendoza$